<?xml version="1.0" encoding="utf-8"?><testsuite errors="0" failures="0" name="pytest" skips="0" tests="13" time="694.994"><testcase classname="login.tests.test_login" file="login/tests/test_login.py" line="6" name="test_login_success" time="26.010616779327393"></testcase><testcase classname="target_lists.tests.test_trgt_lst" file="target_lists/tests/test_trgt_lst.py" line="10" name="test_navigate_to_create_list" time="20.19662117958069"><system-out>====================================
Navigate to Create List page test...
Open web browser
Open oAuth
Switch to oAuth window...
Enter email...
Click next...
Enter password...
Click next...
Switch back to Mission Control window...
Verify if user login successful...
Navigate to Targeting Settings page...
Verify navigating to Targeting Settings page successful...
Navigate to Create List page...
Verify user arrived at Create List page... 
Add list name in search box...
Close browser...
End of test...
==========================================================================================================
</system-out></testcase><testcase classname="target_lists.tests.test_trgt_lst" file="target_lists/tests/test_trgt_lst.py" line="59" name="test_cancel_create_list" time="37.002053022384644"></testcase><testcase classname="target_lists.tests.test_trgt_lst" file="target_lists/tests/test_trgt_lst.py" line="93" name="test_navigate_to_targeting_settings" time="16.698430061340332"></testcase><testcase classname="target_lists.tests.test_trgt_lst" file="target_lists/tests/test_trgt_lst.py" line="126" name="test_navigate_to_targeting_settings_open_cal" time="31.145570755004883"><system-out>Element not found
</system-out></testcase><testcase classname="target_lists.tests.test_trgt_lst" file="target_lists/tests/test_trgt_lst.py" line="166" name="test_navigate_to_targeting_settings_choose_date" time="21.543059587478638"></testcase><testcase classname="target_lists.tests.test_trgt_lst" file="target_lists/tests/test_trgt_lst.py" line="202" name="test_navigate_to_targeting_settings_add_comments" time="21.749014854431152"></testcase><testcase classname="target_lists.tests.test_trgt_lst" file="target_lists/tests/test_trgt_lst.py" line="239" name="test_navigate_to_targeting_settings_next_step" time="21.925322771072388"></testcase><testcase classname="target_lists.tests.test_trgt_lst" file="target_lists/tests/test_trgt_lst.py" line="277" name="test_navigate_to_targeting_settings_add_keywords" time="22.34962010383606"></testcase><testcase classname="target_lists.tests.test_trgt_lst" file="target_lists/tests/test_trgt_lst.py" line="371" name="test_navigate_to_targeting_settings_add_modifiers" time="25.338104963302612"></testcase><testcase classname="target_lists.tests.test_trgt_lst" file="target_lists/tests/test_trgt_lst.py" line="432" name="test_next_step_to_fine_tuning" time="233.37385892868042"></testcase><testcase classname="target_lists.tests.test_trgt_lst" file="target_lists/tests/test_trgt_lst.py" line="494" name="test_complete_fine_tuning_form" time="187.59326219558716"></testcase><testcase classname="target_lists.tests.test_trgt_lst" file="target_lists/tests/test_trgt_lst.py" line="569" name="test_complete_update" time="30.025529146194458"></testcase></testsuite>